
> formulas-pdf-parser@1.0.0 start:api
> tsx src/index.ts --mode=api

[2026-03-13 17:22:12.973 -0300] [32mINFO[39m (12491): [36mServidor API iniciado.[39m
    [35mmode[39m: "api"
    [35mhost[39m: "0.0.0.0"
    [35mport[39m: 3000
[ioredis] Unhandled error event: Error: write ECONNRESET
    at afterWriteDispatched (node:internal/stream_base_commons:159:15)
    at writeGeneric (node:internal/stream_base_commons:150:3)
    at Socket._writeGeneric (node:net:966:11)
    at Socket._write (node:net:978:8)
    at writeOrBuffer (node:internal/streams/writable:570:12)
    at _write (node:internal/streams/writable:499:10)
    at Writable.write (node:internal/streams/writable:508:10)
    at EventEmitter.sendCommand (/home/jlima/Projetos/Formulas/node_modules/ioredis/built/Redis.js:406:29)
    at EventEmitter.client (/home/jlima/Projetos/Formulas/node_modules/ioredis/built/utils/Commander.js:90:25)
    at /home/jlima/Projetos/Formulas/node_modules/ioredis/built/redis/event_handler.js:65:22
[ioredis] Unhandled error event: Error: read ECONNRESET
    at TCP.onStreamRead (node:internal/stream_base_commons:216:20)
[2026-03-13 17:23:12.811 -0300] [31mERROR[39m (12491): [36mFalha no scheduler de renovacao do watch.[39m
    error: "connect ECONNREFUSED 127.0.0.1:3306"
[ioredis] Unhandled error event: Error: read ECONNRESET
    at TCP.onStreamRead (node:internal/stream_base_commons:216:20)
[ioredis] Unhandled error event: Error: read ECONNRESET
    at TCP.onStreamRead (node:internal/stream_base_commons:216:20)
[ioredis] Unhandled error event: Error: read ECONNRESET
    at TCP.onStreamRead (node:internal/stream_base_commons:216:20)
[ioredis] Unhandled error event: Error: read ECONNRESET
    at TCP.onStreamRead (node:internal/stream_base_commons:216:20)
[ioredis] Unhandled error event: Error: read ECONNRESET
    at TCP.onStreamRead (node:internal/stream_base_commons:216:20)
[ioredis] Unhandled error event: Error: read ECONNRESET
    at TCP.onStreamRead (node:internal/stream_base_commons:216:20)
[ioredis] Unhandled error event: Error: read ECONNRESET
    at TCP.onStreamRead (node:internal/stream_base_commons:216:20)
[ioredis] Unhandled error event: Error: write EPIPE
    at afterWriteDispatched (node:internal/stream_base_commons:159:15)
    at writeGeneric (node:internal/stream_base_commons:150:3)
    at Socket._writeGeneric (node:net:966:11)
    at Socket._write (node:net:978:8)
    at writeOrBuffer (node:internal/streams/writable:570:12)
    at _write (node:internal/streams/writable:499:10)
    at Writable.write (node:internal/streams/writable:508:10)
    at EventEmitter.sendCommand (/home/jlima/Projetos/Formulas/node_modules/ioredis/built/Redis.js:406:29)
    at EventEmitter.client (/home/jlima/Projetos/Formulas/node_modules/ioredis/built/utils/Commander.js:90:25)
    at /home/jlima/Projetos/Formulas/node_modules/ioredis/built/redis/event_handler.js:65:22
